INFO [2020-01-09 10:18:35] [[1]]
INFO [2020-01-09 10:18:35] VENN.LIST
INFO [2020-01-09 10:18:35] 
INFO [2020-01-09 10:18:35] [[2]]
INFO [2020-01-09 10:18:35] NULL
INFO [2020-01-09 10:18:35] 
INFO [2020-01-09 10:18:35] $col
INFO [2020-01-09 10:18:35] c("#0099CC", "#FF6666")
INFO [2020-01-09 10:18:35] 
INFO [2020-01-09 10:18:35] $fill
INFO [2020-01-09 10:18:35] c("#0099CC", "#FF6666")
INFO [2020-01-09 10:18:35] 
INFO [2020-01-09 10:18:35] $alpha
INFO [2020-01-09 10:18:35] c(0.5, 0.5)
INFO [2020-01-09 10:18:35] 
INFO [2020-01-09 10:18:35] $cex
INFO [2020-01-09 10:18:35] [1] 2
INFO [2020-01-09 10:18:35] 
INFO [2020-01-09 10:18:35] $cat.fontface
INFO [2020-01-09 10:18:35] [1] 4
INFO [2020-01-09 10:18:35] 
INFO [2020-01-09 10:18:35] $main
INFO [2020-01-09 10:18:35] [1] "overlap of coxph and log-rank test"
INFO [2020-01-09 10:18:35] 
